<?xml version="1.0" encoding="utf-8"?><testsuites name="pytest tests"><testsuite name="pytest" errors="0" failures="0" skipped="0" tests="11" time="2.496" timestamp="2026-07-04T18:51:00.490198+00:00" hostname="agent-env-c59c183b-4ad0-4d4a-b5ed-accaa9a55b41"><testcase classname="tests.backend_test.TestSettings" name="test_get_settings" time="0.195" /><testcase classname="tests.backend_test.TestProperties" name="test_list_properties" time="0.237" /><testcase classname="tests.backend_test.TestProperties" name="test_get_property_increments_views" time="0.313" /><testcase classname="tests.backend_test.TestSettings" name="test_update_settings" time="0.205" /><testcase classname="tests.backend_test.TestAnalytics" name="test_analytics_requires_admin" time="0.133" /><testcase classname="tests.backend_test.TestAnalytics" name="test_analytics_shape" time="0.102" /><testcase classname="tests.backend_test.TestProperties" name="test_create_requires_admin" time="0.138" /><testcase classname="tests.backend_test.TestCMS" name="test_testimonials" time="0.306" /><testcase classname="tests.backend_test.TestProperties" name="test_property_crud" time="0.736" /><testcase classname="tests.backend_test.TestCMS" name="test_faqs" time="0.364" /><testcase classname="tests.backend_test.TestLeads" name="test_lead_flow" time="0.495" /></testsuite></testsuites>